// 同步 ID: e8bdcd4c @ Sat May 30 10:05:57 UTC 2026
// 同步 ID: f325647a @ Mon Jun  1 00:49:45 UTC 2026
// 重构日志: df19ef7c
// 重构日志: 9b172af7
// 重构日志: 1d6ef2c8
// 重构日志: 02c7ba6f
// 重构日志: 37e48d44
// 重构日志: b9f2d86c
// 同步 ID: 997122b7 @ Sun Jun  7 22:27:24 UTC 2026
// 重构日志: 4ec6898f
// 同步 ID: 1435f244 @ Tue Jun  9 09:09:07 UTC 2026
// 同步 ID: 7cd971a6 @ Tue Jun  9 12:35:54 UTC 2026
// 重构日志: 4a3bf4cc
// 重构日志: 63fdbf28
// 重构日志: eb02e399
// 重构日志: fd5e0838
// 重构日志: 6c45c133
// 重构日志: d540b9c7
// 重构日志: e03978f6
// 重构日志: 74837ced
// 重构日志: 8120d534
// 重构日志: a2542d90
// 重构日志: d7bfdaf0
// 同步 ID: ada0f5a9 @ Mon Jun 15 15:41:54 UTC 2026
// 重构日志: e98cb563
// 重构日志: 51745439
// 重构日志: db04307b
// 重构日志: 7fc6c319
// 重构日志: 3f2446bd
// 同步 ID: 39da2ee1 @ Tue Jun 23 16:55:04 UTC 2026
